Using pre-set license
Built from '2021.1/staging' branch; Version is '2021.1.23f1 (b50729e604a9) revision 11863849'; Using compiler version '192528614'; Build Type 'Release'
OS: 'Windows 10 Home; OS build 19042.1466; Version 2009; 64bit' Language: 'fr' Physical Memory: 32719 MB
BatchMode: 1, IsHumanControllingUs: 0, StartBugReporterOnCrash: 0, Is64bit: 1, IsPro: 0

COMMAND LINE ARGUMENTS:
C:\Program Files\Unity\Hub\Editor\2021.1.23f1\Editor\Unity.exe
-adb2
-batchMode
-noUpm
-name
AssetImportWorker0
-projectPath
C:/Users/reyba/Documents/GitHub/Projet_Parlement/Projet Parlement
-logFile
Logs/AssetImportWorker0.log
-srvPort
61711
Successfully changed project path to: C:/Users/reyba/Documents/GitHub/Projet_Parlement/Projet Parlement
C:/Users/reyba/Documents/GitHub/Projet_Parlement/Projet Parlement
Using Asset Import Pipeline V2.
Refreshing native plugins compatible for Editor in 103.89 ms, found 3 plugins.
Preloading 0 native plugins for Editor in 0.00 ms.
Initialize engine version: 2021.1.23f1 (b50729e604a9)
[Subsystems] Discovering subsystems at path C:/Program Files/Unity/Hub/Editor/2021.1.23f1/Editor/Data/Resources/UnitySubsystems
[Subsystems] Discovering subsystems at path C:/Users/reyba/Documents/GitHub/Projet_Parlement/Projet Parlement/Assets
GfxDevice: creating device client; threaded=0; jobified=0
Direct3D:
    Version:  Direct3D 11.0 [level 11.1]
    Renderer: NVIDIA GeForce RTX 3070 (ID=0x2484)
    Vendor:   NVIDIA
    VRAM:     8043 MB
    Driver:   30.0.15.1123
Initialize mono
Mono path[0] = 'C:/Program Files/Unity/Hub/Editor/2021.1.23f1/Editor/Data/Managed'
Mono path[1] = 'C:/Program Files/Unity/Hub/Editor/2021.1.23f1/Editor/Data/MonoBleedingEdge/lib/mono/unityjit'
Mono config path = 'C:/Program Files/Unity/Hub/Editor/2021.1.23f1/Editor/Data/MonoBleedingEdge/etc'
Using monoOptions --debugger-agent=transport=dt_socket,embedding=1,server=y,suspend=n,address=127.0.0.1:56588
Begin MonoManager ReloadAssembly
Registering precompiled unity dll's ...
Register platform support module: C:/Program Files/Unity/Hub/Editor/2021.1.23f1/Editor/Data/PlaybackEngines/WebGLSupport/UnityEditor.WebGL.Extensions.dll
Register platform support module: C:/Program Files/Unity/Hub/Editor/2021.1.23f1/Editor/Data/PlaybackEngines/WindowsStandaloneSupport/UnityEditor.WindowsStandalone.Extensions.dll
Registered in 0.003372 seconds.
Native extension for WindowsStandalone target not found
Native extension for WebGL target not found
Refreshing native plugins compatible for Editor in 95.33 ms, found 3 plugins.
Preloading 0 native plugins for Editor in 0.00 ms.
Mono: successfully reloaded assembly
- Completed reload, in  1.680 seconds
Domain Reload Profiling:
	ReloadAssembly (1680ms)
		BeginReloadAssembly (70ms)
			ExecutionOrderSort (0ms)
			DisableScriptedObjects (0ms)
			BackupInstance (0ms)
			ReleaseScriptingObjects (0ms)
			CreateAndSetChildDomain (1ms)
		EndReloadAssembly (554ms)
			LoadAssemblies (67ms)
			RebuildTransferFunctionScriptingTraits (0ms)
			SetupTypeCache (173ms)
			ReleaseScriptCaches (0ms)
			RebuildScriptCaches (29ms)
			SetupLoadedEditorAssemblies (297ms)
				LogAssemblyErrors (0ms)
				InitializePlatformSupportModulesInManaged (7ms)
				SetLoadedEditorAssemblies (0ms)
				RefreshPlugins (95ms)
				BeforeProcessingInitializeOnLoad (1ms)
				ProcessInitializeOnLoadAttributes (143ms)
				ProcessInitializeOnLoadMethodAttributes (49ms)
				AfterProcessingInitializeOnLoad (0ms)
				EditorAssembliesLoaded (0ms)
			ExecutionOrderSort2 (0ms)
			AwakeInstancesAfterBackupRestoration (0ms)
Platform modules already initialized, skipping
Registering precompiled user dll's ...
Registered in 0.011586 seconds.
Begin MonoManager ReloadAssembly
Symbol file LoadedFromMemory doesn't match image C:\Users\reyba\Documents\GitHub\Projet_Parlement\Projet Parlement\Library\PackageCache\com.unity.visualscripting@1.6.1\Editor\VisualScripting.Core\Dependencies\YamlDotNet\Unity.VisualScripting.YamlDotNet.dll
Symbol file LoadedFromMemory doesn't match image C:\Users\reyba\Documents\GitHub\Projet_Parlement\Projet Parlement\Library\PackageCache\com.unity.visualscripting@1.6.1\Editor\VisualScripting.Core\Dependencies\DotNetZip\Unity.VisualScripting.IonicZip.dll
Native extension for WindowsStandalone target not found
Native extension for WebGL target not found
Refreshing native plugins compatible for Editor in 0.60 ms, found 3 plugins.
Preloading 0 native plugins for Editor in 0.00 ms.
Mono: successfully reloaded assembly
- Completed reload, in  1.261 seconds
Domain Reload Profiling:
	ReloadAssembly (1262ms)
		BeginReloadAssembly (167ms)
			ExecutionOrderSort (0ms)
			DisableScriptedObjects (5ms)
			BackupInstance (0ms)
			ReleaseScriptingObjects (0ms)
			CreateAndSetChildDomain (19ms)
		EndReloadAssembly (1026ms)
			LoadAssemblies (101ms)
			RebuildTransferFunctionScriptingTraits (0ms)
			SetupTypeCache (369ms)
			ReleaseScriptCaches (1ms)
			RebuildScriptCaches (48ms)
			SetupLoadedEditorAssemblies (411ms)
				LogAssemblyErrors (0ms)
				InitializePlatformSupportModulesInManaged (6ms)
				SetLoadedEditorAssemblies (0ms)
				RefreshPlugins (1ms)
				BeforeProcessingInitializeOnLoad (77ms)
				ProcessInitializeOnLoadAttributes (310ms)
				ProcessInitializeOnLoadMethodAttributes (6ms)
				AfterProcessingInitializeOnLoad (10ms)
				EditorAssembliesLoaded (0ms)
			ExecutionOrderSort2 (0ms)
			AwakeInstancesAfterBackupRestoration (8ms)
Platform modules already initialized, skipping
========================================================================
Worker process is ready to serve import requests
Launched and connected shader compiler UnityShaderCompiler.exe after 0.05 seconds
Refreshing native plugins compatible for Editor in 0.61 ms, found 3 plugins.
Preloading 0 native plugins for Editor in 0.00 ms.
Unloading 2959 Unused Serialized files (Serialized files now loaded: 0)
System memory in use before: 106.6 MB.
System memory in use after: 106.8 MB.

Unloading 20 unused Assets to reduce memory usage. Loaded Objects now: 3408.
Total: 3.140400 ms (FindLiveObjects: 0.238200 ms CreateObjectMapping: 0.070100 ms MarkObjects: 2.776600 ms  DeleteObjects: 0.054400 ms)

AssetImportParameters requested are different than current active one (requested -> active):
  custom:framework-win-MediaFoundation: 216162199b28c13a410421893ffa2e32 -> 
  custom:video-decoder-ogg-theora: a1e56fd34408186e4bbccfd4996cb3dc -> 
  custom:container-muxer-webm: aa71ff27fc2769a1b78a27578f13a17b -> 
  custom:container-demuxer-webm: 4f35f7cbe854078d1ac9338744f61a02 -> 
  custom:container-demuxer-ogg: 62fdf1f143b41e24485cea50d1cbac27 -> 
  custom:video-encoder-webm-vp8: eb34c28f22e8b96e1ab97ce403110664 -> 
  custom:video-decoder-webm-vp8: 9c59270c3fd7afecdb556c50c9e8de78 -> 
  custom:audio-decoder-ogg-vorbis: bf7c407c2cedff20999df2af8eb42d56 -> 
  custom:audio-encoder-webm-vorbis: bf7c407c2cedff20999df2af8eb42d56 -> 
========================================================================
Received Import Request.
  path: Assets/Images/Explications.png
  artifactKey: Guid(50af9a4573bf3a64c81a97db0dcc148c) Importer(815301076,1909f56bfc062723c751e8b465ee728b)
Start importing Assets/Images/Explications.png using Guid(50af9a4573bf3a64c81a97db0dcc148c) Importer(815301076,1909f56bfc062723c751e8b465ee728b)  -> (artifact id: '9ece912cd2f9a4a7b51d6ce173ba5300') in 0.121227 seconds 
========================================================================
Received Import Request.
  Time since last request: 35.693286 seconds.
  path: Assets/Images/Ciel.png
  artifactKey: Guid(5075be2030f6a834ba454c0a8e7486fe) Importer(815301076,1909f56bfc062723c751e8b465ee728b)
Start importing Assets/Images/Ciel.png using Guid(5075be2030f6a834ba454c0a8e7486fe) Importer(815301076,1909f56bfc062723c751e8b465ee728b)  -> (artifact id: '48ef18134d73f9989cffcba619790935') in 0.052429 seconds 
========================================================================
Received Import Request.
  Time since last request: 0.000192 seconds.
  path: Assets/Images/Sol.png
  artifactKey: Guid(fe5042122aead92418ef720cd3780de4) Importer(815301076,1909f56bfc062723c751e8b465ee728b)
Start importing Assets/Images/Sol.png using Guid(fe5042122aead92418ef720cd3780de4) Importer(815301076,1909f56bfc062723c751e8b465ee728b)  -> (artifact id: '167fc93069afeaa5a88a240425e5936d') in 0.013576 seconds 
========================================================================
Received Import Request.
  Time since last request: 7.530729 seconds.
  path: Assets/Images/Ciel.png
  artifactKey: Guid(5075be2030f6a834ba454c0a8e7486fe) Importer(815301076,1909f56bfc062723c751e8b465ee728b)
Start importing Assets/Images/Ciel.png using Guid(5075be2030f6a834ba454c0a8e7486fe) Importer(815301076,1909f56bfc062723c751e8b465ee728b)  -> (artifact id: 'b8c94b6ff5751566575399342f04b609') in 0.028835 seconds 
========================================================================
Received Import Request.
  Time since last request: 0.000208 seconds.
  path: Assets/Images/Sol.png
  artifactKey: Guid(fe5042122aead92418ef720cd3780de4) Importer(815301076,1909f56bfc062723c751e8b465ee728b)
Start importing Assets/Images/Sol.png using Guid(fe5042122aead92418ef720cd3780de4) Importer(815301076,1909f56bfc062723c751e8b465ee728b)  -> (artifact id: '19a886eeb5791f95a1324b42c1f614bf') in 0.016909 seconds 
========================================================================
Received Import Request.
  Time since last request: 164.921019 seconds.
  path: Assets/Materials/New Material.mat
  artifactKey: Guid(c39baaaeee3af3b4ab1d1d81e8b86e89) Importer(815301076,1909f56bfc062723c751e8b465ee728b)
Start importing Assets/Materials/New Material.mat using Guid(c39baaaeee3af3b4ab1d1d81e8b86e89) Importer(815301076,1909f56bfc062723c751e8b465ee728b)  -> (artifact id: '2f02f30a1c28788b7447b782b32bae28') in 0.089458 seconds 
========================================================================
Received Import Request.
  Time since last request: 137.513926 seconds.
  path: Assets/Scripts/Shader/Custom_UIEggShader.mat
  artifactKey: Guid(a6051bafddddb8c42ada0b2f5f92b292) Importer(815301076,1909f56bfc062723c751e8b465ee728b)
Start importing Assets/Scripts/Shader/Custom_UIEggShader.mat using Guid(a6051bafddddb8c42ada0b2f5f92b292) Importer(815301076,1909f56bfc062723c751e8b465ee728b)  -> (artifact id: 'fb0ca1c9920eebd2ae47ae85dca1c5fa') in 0.016095 seconds 
AssetImportWorkerClient::OnTransportError - code=2 error=End of file
